<testsuite errors="0" failures="0" name="Django Project Tests" skips="0" tests="5" time="1.229"><testcase classname="plataforma_prueba.plataforma.tests.CreateUserTest" name="test_succesfully_created" time="0.158064" /><testcase classname="plataforma_prueba.plataforma.tests.SimilarityTest" name="test_empty_questionnaire" time="0.000023" /><testcase classname="plataforma_prueba.plataforma.tests.SimilarityTest" name="test_malformed_questionnaire" time="0.000030" /><testcase classname="plataforma_prueba.authentication_module.tests.AuthenticationTest" name="test_failed_authentication" time="0.190513" /><testcase classname="plataforma_prueba.authentication_module.tests.AuthenticationTest" name="test_succesfully_authenticated" time="0.134579" /></testsuite>